<?xml version="1.0" encoding="UTF-8" ?>
<testsuites disabled="1" errors="0" failures="0" tests="1" time="0.001">
 <testsuite name="Protractor" timestamp="2021-04-07T19:50:04" hostname="localhost" time="0.001" errors="0" tests="1" skipped="0" disabled="1" failures="0">
  <testcase classname="Protractor" name="Should be alive" time="0.001">
   <skipped />
  </testcase>
 </testsuite>
</testsuites>